{"timestamp":"2026-06-21T18:29:28.534418","level":"info","event":"DAG bundles loaded: dags-folder, example_dags","logger":"airflow.dag_processing.bundles.manager.DagBundlesManager"}
{"timestamp":"2026-06-21T18:29:28.536745","level":"info","event":"Filling up the DagBag from /opt/airflow/dags/raw/dag.py","logger":"airflow.models.dagbag.DagBag"}
{"timestamp":"2026-06-21T18:29:28.961088Z","level":"info","event":"Task instance is in running state","chan":"stdout","logger":"task"}
{"timestamp":"2026-06-21T18:29:28.961754Z","level":"info","event":" Previous state of the Task instance: TaskInstanceState.QUEUED","chan":"stdout","logger":"task"}
{"timestamp":"2026-06-21T18:29:28.966444Z","level":"info","event":"Current task name:ingest","chan":"stdout","logger":"task"}
{"timestamp":"2026-06-21T18:29:28.966750Z","level":"info","event":"Dag name:raw","chan":"stdout","logger":"task"}
{"timestamp":"2026-06-21T18:29:28.961814","level":"info","event":"Initializing AWS Glue Job: ingest_raw_logs. Wait for completion: True","logger":"airflow.task.operators.airflow.providers.amazon.aws.operators.glue.GlueJobOperator"}
{"timestamp":"2026-06-21T18:29:28.963771","level":"warning","event":"/home/airflow/.local/lib/python3.12/site-packages/airflow/models/connection.py:471: DeprecationWarning: Using Connection.get_connection_from_secrets from `airflow.models` is deprecated.Please use `from airflow.sdk import Connection` instead\n  warnings.warn(\n","logger":"py.warnings"}
{"timestamp":"2026-06-21T18:29:28.974073","level":"info","event":"Connection Retrieved 'aws_default'","logger":"airflow.hooks.base"}
{"timestamp":"2026-06-21T18:29:28.974325","level":"info","event":"AWS Connection (conn_id='aws_default', conn_type='aws') credentials retrieved from login and password.","logger":"airflow.providers.amazon.aws.utils.connection_wrapper.AwsConnectionWrapper"}
{"timestamp":"2026-06-21T18:29:28.974383","level":"info","event":"AWS Connection (conn_id='aws_default', conn_type='aws') session token retrieved from extra, please note you are responsible for renewing these.","logger":"airflow.providers.amazon.aws.utils.connection_wrapper.AwsConnectionWrapper"}
{"timestamp":"2026-06-21T18:29:33.449435","level":"info","event":"Checking if job already exists: ingest_raw_logs","logger":"airflow.providers.amazon.aws.hooks.glue.GlueJobHook"}
{"timestamp":"2026-06-21T18:29:33.481229","level":"info","event":"Connection Retrieved 'aws_default'","logger":"airflow.hooks.base"}
{"timestamp":"2026-06-21T18:29:33.482234","level":"info","event":"AWS Connection (conn_id='aws_default', conn_type='aws') credentials retrieved from login and password.","logger":"airflow.providers.amazon.aws.utils.connection_wrapper.AwsConnectionWrapper"}
{"timestamp":"2026-06-21T18:29:33.482627","level":"info","event":"AWS Connection (conn_id='aws_default', conn_type='aws') session token retrieved from extra, please note you are responsible for renewing these.","logger":"airflow.providers.amazon.aws.utils.connection_wrapper.AwsConnectionWrapper"}
{"timestamp":"2026-06-21T18:29:37.521327","level":"info","event":"Iam Role Name: dev-lakehouse-glue-role","logger":"airflow.providers.amazon.aws.hooks.glue.GlueJobHook"}
{"timestamp":"2026-06-21T18:29:37.524387","level":"info","event":"Creating job: ingest_raw_logs","logger":"airflow.providers.amazon.aws.hooks.glue.GlueJobHook"}
{"timestamp":"2026-06-21T18:29:38.894226","level":"info","event":"You can monitor this Glue Job run at: https://console.aws.amazon.com/gluestudio/home?region=us-east-1#/job/ingest_raw_logs/run/jr_97a8ffa437f2b33c445047da8f388da655defcd9030fd4ff46c21414b0c4cc98","logger":"airflow.task.operators.airflow.providers.amazon.aws.operators.glue.GlueJobOperator"}
{"timestamp":"2026-06-21T18:29:39.257432","level":"info","event":"Connection Retrieved 'aws_default'","logger":"airflow.hooks.base"}
{"timestamp":"2026-06-21T18:29:39.257985","level":"info","event":"AWS Connection (conn_id='aws_default', conn_type='aws') credentials retrieved from login and password.","logger":"airflow.providers.amazon.aws.utils.connection_wrapper.AwsConnectionWrapper"}
{"timestamp":"2026-06-21T18:29:39.258108","level":"info","event":"AWS Connection (conn_id='aws_default', conn_type='aws') session token retrieved from extra, please note you are responsible for renewing these.","logger":"airflow.providers.amazon.aws.utils.connection_wrapper.AwsConnectionWrapper"}
{"timestamp":"2026-06-21T18:29:41.826171","level":"warning","event":"No new Glue driver logs so far.\nIf this persists, check the CloudWatch dashboard at: 'https://us-east-1.console.aws.amazon.com/cloudwatch/home'.","logger":"airflow.providers.amazon.aws.hooks.glue.GlueJobHook"}
{"timestamp":"2026-06-21T18:29:41.826523","level":"info","event":"No new log from the Glue Job in /aws-glue/jobs/output","logger":"airflow.providers.amazon.aws.hooks.glue.GlueJobHook"}
{"timestamp":"2026-06-21T18:29:42.091189","level":"warning","event":"No new Glue driver logs so far.\nIf this persists, check the CloudWatch dashboard at: 'https://us-east-1.console.aws.amazon.com/cloudwatch/home'.","logger":"airflow.providers.amazon.aws.hooks.glue.GlueJobHook"}
{"timestamp":"2026-06-21T18:29:42.091344","level":"info","event":"No new log from the Glue Job in /aws-glue/jobs/error","logger":"airflow.providers.amazon.aws.hooks.glue.GlueJobHook"}
{"timestamp":"2026-06-21T18:29:42.091400","level":"info","event":"Polling for AWS Glue Job ingest_raw_logs current run state with status RUNNING","logger":"airflow.providers.amazon.aws.hooks.glue.GlueJobHook"}
{"timestamp":"2026-06-21T18:29:50.659768","level":"warning","event":"No new Glue driver logs so far.\nIf this persists, check the CloudWatch dashboard at: 'https://us-east-1.console.aws.amazon.com/cloudwatch/home'.","logger":"airflow.providers.amazon.aws.hooks.glue.GlueJobHook"}
{"timestamp":"2026-06-21T18:29:50.660153","level":"info","event":"No new log from the Glue Job in /aws-glue/jobs/output","logger":"airflow.providers.amazon.aws.hooks.glue.GlueJobHook"}
{"timestamp":"2026-06-21T18:29:50.951811","level":"warning","event":"No new Glue driver logs so far.\nIf this persists, check the CloudWatch dashboard at: 'https://us-east-1.console.aws.amazon.com/cloudwatch/home'.","logger":"airflow.providers.amazon.aws.hooks.glue.GlueJobHook"}
{"timestamp":"2026-06-21T18:29:50.952274","level":"info","event":"No new log from the Glue Job in /aws-glue/jobs/error","logger":"airflow.providers.amazon.aws.hooks.glue.GlueJobHook"}
{"timestamp":"2026-06-21T18:29:50.952429","level":"info","event":"Exiting Job jr_97a8ffa437f2b33c445047da8f388da655defcd9030fd4ff46c21414b0c4cc98 Run State: FAILED","logger":"airflow.providers.amazon.aws.hooks.glue.GlueJobHook"}
{"timestamp":"2026-06-21T18:29:50.955038","level":"info","event":"Map index rendered as logs","logger":"task"}
{"timestamp":"2026-06-21T18:29:50.955432","level":"error","event":"Task failed with exception","logger":"task","error_detail":[{"exc_type":"AirflowException","exc_value":"Exiting Job jr_97a8ffa437f2b33c445047da8f388da655defcd9030fd4ff46c21414b0c4cc98 Run State: FAILED","exc_notes":[],"syntax_error":null,"is_cause":false,"frames":[{"filename":"/home/airflow/.local/lib/python3.12/site-packages/airflow/sdk/execution_time/task_runner.py","lineno":890,"name":"run"},{"filename":"/home/airflow/.local/lib/python3.12/site-packages/airflow/sdk/execution_time/task_runner.py","lineno":1177,"name":"_execute_task"},{"filename":"/home/airflow/.local/lib/python3.12/site-packages/airflow/sdk/bases/operator.py","lineno":397,"name":"wrapper"},{"filename":"/home/airflow/.local/lib/python3.12/site-packages/airflow/providers/amazon/aws/operators/glue.py","lineno":257,"name":"execute"},{"filename":"/home/airflow/.local/lib/python3.12/site-packages/airflow/providers/amazon/aws/hooks/glue.py","lineno":388,"name":"job_completion"},{"filename":"/home/airflow/.local/lib/python3.12/site-packages/airflow/providers/amazon/aws/hooks/glue.py","lineno":436,"name":"_handle_state"}],"is_group":false,"exceptions":[]}]}
{"timestamp":"2026-06-21T18:29:50.998746Z","level":"info","event":"Task instance in failure state","chan":"stdout","logger":"task"}
{"timestamp":"2026-06-21T18:29:51.000258Z","level":"info","event":"Task start","chan":"stdout","logger":"task"}
{"timestamp":"2026-06-21T18:29:51.000693Z","level":"info","event":"Task:<Task(GlueJobOperator): ingest>","chan":"stdout","logger":"task"}
{"timestamp":"2026-06-21T18:29:51.000917Z","level":"info","event":"Failure caused by Exiting Job jr_97a8ffa437f2b33c445047da8f388da655defcd9030fd4ff46c21414b0c4cc98 Run State: FAILED","chan":"stdout","logger":"task"}
