{"timestamp":"2026-06-21T18:29:28.621758","level":"info","event":"DAG bundles loaded: dags-folder, example_dags","logger":"airflow.dag_processing.bundles.manager.DagBundlesManager"}
{"timestamp":"2026-06-21T18:29:28.623277","level":"info","event":"Filling up the DagBag from /opt/airflow/dags/raw/dag.py","logger":"airflow.models.dagbag.DagBag"}
{"timestamp":"2026-06-21T18:29:29.041355Z","level":"info","event":"Task instance is in running state","chan":"stdout","logger":"task"}
{"timestamp":"2026-06-21T18:29:29.041820Z","level":"info","event":" Previous state of the Task instance: TaskInstanceState.QUEUED","chan":"stdout","logger":"task"}
{"timestamp":"2026-06-21T18:29:29.042559Z","level":"info","event":"Current task name:ingest","chan":"stdout","logger":"task"}
{"timestamp":"2026-06-21T18:29:29.042804Z","level":"info","event":"Dag name:raw","chan":"stdout","logger":"task"}
{"timestamp":"2026-06-21T18:29:29.042187","level":"info","event":"Initializing AWS Glue Job: ingest_raw_songs. Wait for completion: True","logger":"airflow.task.operators.airflow.providers.amazon.aws.operators.glue.GlueJobOperator"}
{"timestamp":"2026-06-21T18:29:29.044509","level":"warning","event":"/home/airflow/.local/lib/python3.12/site-packages/airflow/models/connection.py:471: DeprecationWarning: Using Connection.get_connection_from_secrets from `airflow.models` is deprecated.Please use `from airflow.sdk import Connection` instead\n  warnings.warn(\n","logger":"py.warnings"}
{"timestamp":"2026-06-21T18:29:29.052250","level":"info","event":"Connection Retrieved 'aws_default'","logger":"airflow.hooks.base"}
{"timestamp":"2026-06-21T18:29:29.052544","level":"info","event":"AWS Connection (conn_id='aws_default', conn_type='aws') credentials retrieved from login and password.","logger":"airflow.providers.amazon.aws.utils.connection_wrapper.AwsConnectionWrapper"}
{"timestamp":"2026-06-21T18:29:29.052625","level":"info","event":"AWS Connection (conn_id='aws_default', conn_type='aws') session token retrieved from extra, please note you are responsible for renewing these.","logger":"airflow.providers.amazon.aws.utils.connection_wrapper.AwsConnectionWrapper"}
{"timestamp":"2026-06-21T18:29:33.450115","level":"info","event":"Checking if job already exists: ingest_raw_songs","logger":"airflow.providers.amazon.aws.hooks.glue.GlueJobHook"}
{"timestamp":"2026-06-21T18:29:33.481583","level":"info","event":"Connection Retrieved 'aws_default'","logger":"airflow.hooks.base"}
{"timestamp":"2026-06-21T18:29:33.482144","level":"info","event":"AWS Connection (conn_id='aws_default', conn_type='aws') credentials retrieved from login and password.","logger":"airflow.providers.amazon.aws.utils.connection_wrapper.AwsConnectionWrapper"}
{"timestamp":"2026-06-21T18:29:33.482282","level":"info","event":"AWS Connection (conn_id='aws_default', conn_type='aws') session token retrieved from extra, please note you are responsible for renewing these.","logger":"airflow.providers.amazon.aws.utils.connection_wrapper.AwsConnectionWrapper"}
{"timestamp":"2026-06-21T18:29:37.584123","level":"info","event":"Iam Role Name: dev-lakehouse-glue-role","logger":"airflow.providers.amazon.aws.hooks.glue.GlueJobHook"}
{"timestamp":"2026-06-21T18:29:37.586461","level":"info","event":"Creating job: ingest_raw_songs","logger":"airflow.providers.amazon.aws.hooks.glue.GlueJobHook"}
{"timestamp":"2026-06-21T18:29:38.873111","level":"info","event":"You can monitor this Glue Job run at: https://console.aws.amazon.com/gluestudio/home?region=us-east-1#/job/ingest_raw_songs/run/jr_74dcc1c982d38a0d72b868059139ca49253ef54c095503fe3228870f3004a3fb","logger":"airflow.task.operators.airflow.providers.amazon.aws.operators.glue.GlueJobOperator"}
{"timestamp":"2026-06-21T18:29:39.200677","level":"info","event":"Connection Retrieved 'aws_default'","logger":"airflow.hooks.base"}
{"timestamp":"2026-06-21T18:29:39.200908","level":"info","event":"AWS Connection (conn_id='aws_default', conn_type='aws') credentials retrieved from login and password.","logger":"airflow.providers.amazon.aws.utils.connection_wrapper.AwsConnectionWrapper"}
{"timestamp":"2026-06-21T18:29:39.200973","level":"info","event":"AWS Connection (conn_id='aws_default', conn_type='aws') session token retrieved from extra, please note you are responsible for renewing these.","logger":"airflow.providers.amazon.aws.utils.connection_wrapper.AwsConnectionWrapper"}
{"timestamp":"2026-06-21T18:29:41.843115","level":"warning","event":"No new Glue driver logs so far.\nIf this persists, check the CloudWatch dashboard at: 'https://us-east-1.console.aws.amazon.com/cloudwatch/home'.","logger":"airflow.providers.amazon.aws.hooks.glue.GlueJobHook"}
{"timestamp":"2026-06-21T18:29:41.843360","level":"info","event":"No new log from the Glue Job in /aws-glue/jobs/output","logger":"airflow.providers.amazon.aws.hooks.glue.GlueJobHook"}
{"timestamp":"2026-06-21T18:29:42.103911","level":"warning","event":"No new Glue driver logs so far.\nIf this persists, check the CloudWatch dashboard at: 'https://us-east-1.console.aws.amazon.com/cloudwatch/home'.","logger":"airflow.providers.amazon.aws.hooks.glue.GlueJobHook"}
{"timestamp":"2026-06-21T18:29:42.104074","level":"info","event":"No new log from the Glue Job in /aws-glue/jobs/error","logger":"airflow.providers.amazon.aws.hooks.glue.GlueJobHook"}
{"timestamp":"2026-06-21T18:29:42.104132","level":"info","event":"Polling for AWS Glue Job ingest_raw_songs current run state with status RUNNING","logger":"airflow.providers.amazon.aws.hooks.glue.GlueJobHook"}
{"timestamp":"2026-06-21T18:29:50.651014","level":"warning","event":"No new Glue driver logs so far.\nIf this persists, check the CloudWatch dashboard at: 'https://us-east-1.console.aws.amazon.com/cloudwatch/home'.","logger":"airflow.providers.amazon.aws.hooks.glue.GlueJobHook"}
{"timestamp":"2026-06-21T18:29:50.651628","level":"info","event":"No new log from the Glue Job in /aws-glue/jobs/output","logger":"airflow.providers.amazon.aws.hooks.glue.GlueJobHook"}
{"timestamp":"2026-06-21T18:29:50.932721","level":"warning","event":"No new Glue driver logs so far.\nIf this persists, check the CloudWatch dashboard at: 'https://us-east-1.console.aws.amazon.com/cloudwatch/home'.","logger":"airflow.providers.amazon.aws.hooks.glue.GlueJobHook"}
{"timestamp":"2026-06-21T18:29:50.933349","level":"info","event":"No new log from the Glue Job in /aws-glue/jobs/error","logger":"airflow.providers.amazon.aws.hooks.glue.GlueJobHook"}
{"timestamp":"2026-06-21T18:29:50.933524","level":"info","event":"Exiting Job jr_74dcc1c982d38a0d72b868059139ca49253ef54c095503fe3228870f3004a3fb Run State: FAILED","logger":"airflow.providers.amazon.aws.hooks.glue.GlueJobHook"}
{"timestamp":"2026-06-21T18:29:50.940048","level":"info","event":"Map index rendered as songs","logger":"task"}
{"timestamp":"2026-06-21T18:29:50.940790","level":"error","event":"Task failed with exception","logger":"task","error_detail":[{"exc_type":"AirflowException","exc_value":"Exiting Job jr_74dcc1c982d38a0d72b868059139ca49253ef54c095503fe3228870f3004a3fb Run State: FAILED","exc_notes":[],"syntax_error":null,"is_cause":false,"frames":[{"filename":"/home/airflow/.local/lib/python3.12/site-packages/airflow/sdk/execution_time/task_runner.py","lineno":890,"name":"run"},{"filename":"/home/airflow/.local/lib/python3.12/site-packages/airflow/sdk/execution_time/task_runner.py","lineno":1177,"name":"_execute_task"},{"filename":"/home/airflow/.local/lib/python3.12/site-packages/airflow/sdk/bases/operator.py","lineno":397,"name":"wrapper"},{"filename":"/home/airflow/.local/lib/python3.12/site-packages/airflow/providers/amazon/aws/operators/glue.py","lineno":257,"name":"execute"},{"filename":"/home/airflow/.local/lib/python3.12/site-packages/airflow/providers/amazon/aws/hooks/glue.py","lineno":388,"name":"job_completion"},{"filename":"/home/airflow/.local/lib/python3.12/site-packages/airflow/providers/amazon/aws/hooks/glue.py","lineno":436,"name":"_handle_state"}],"is_group":false,"exceptions":[]}]}
{"timestamp":"2026-06-21T18:29:50.993371Z","level":"info","event":"Task instance in failure state","chan":"stdout","logger":"task"}
{"timestamp":"2026-06-21T18:29:50.994347Z","level":"info","event":"Task start","chan":"stdout","logger":"task"}
{"timestamp":"2026-06-21T18:29:50.994784Z","level":"info","event":"Task:<Task(GlueJobOperator): ingest>","chan":"stdout","logger":"task"}
{"timestamp":"2026-06-21T18:29:50.995038Z","level":"info","event":"Failure caused by Exiting Job jr_74dcc1c982d38a0d72b868059139ca49253ef54c095503fe3228870f3004a3fb Run State: FAILED","chan":"stdout","logger":"task"}
